Using pre-set license
Built from '2020.2/staging' branch; Version is '2020.2.3f1 (8ff31bc5bf5b) revision 9433883'; Using compiler version '192528614'; Build Type 'Release'
OS: 'Windows 10 Pro; OS build 19042.685; Version 2009; 64bit' Language: 'en' Physical Memory: 16317 MB
BatchMode: 1, IsHumanControllingUs: 0, StartBugReporterOnCrash: 0, Is64bit: 1, IsPro: 0

 COMMAND LINE ARGUMENTS:
C:\Program Files\Unity\Hub\Editor\2020.2.3f1\Editor\Unity.exe
-adb2
-batchMode
-noUpm
-name
AssetImportWorker0
-projectPath
D:/Project HealOVR/TestRealTimeDatabase
-logFile
Logs/AssetImportWorker0.log
-srvPort
13145
Successfully changed project path to: D:/Project HealOVR/TestRealTimeDatabase
D:/Project HealOVR/TestRealTimeDatabase
Using Asset Import Pipeline V2.
Refreshing native plugins compatible for Editor in 27.26 ms, found 6 plugins.
Preloading 1 native plugins for Editor in 0.66 ms.
Initialize engine version: 2020.2.3f1 (8ff31bc5bf5b)
[Subsystems] Discovering subsystems at path C:/Program Files/Unity/Hub/Editor/2020.2.3f1/Editor/Data/Resources/UnitySubsystems
[Subsystems] Discovering subsystems at path D:/Project HealOVR/TestRealTimeDatabase/Assets
GfxDevice: creating device client; threaded=0
Direct3D:
    Version:  Direct3D 11.0 [level 11.1]
    Renderer: NVIDIA GeForce GTX 1050 Ti (ID=0x1c82)
    Vendor:   
    VRAM:     4018 MB
    Driver:   27.21.14.6109
Initialize mono
Mono path[0] = 'C:/Program Files/Unity/Hub/Editor/2020.2.3f1/Editor/Data/Managed'
Mono path[1] = 'C:/Program Files/Unity/Hub/Editor/2020.2.3f1/Editor/Data/MonoBleedingEdge/lib/mono/unityjit'
Mono config path = 'C:/Program Files/Unity/Hub/Editor/2020.2.3f1/Editor/Data/MonoBleedingEdge/etc'
Using monoOptions --debugger-agent=transport=dt_socket,embedding=1,server=y,suspend=n,address=127.0.0.1:56592
Begin MonoManager ReloadAssembly
Registering precompiled unity dll's ...
Register platform support module: C:/Program Files/Unity/Hub/Editor/2020.2.3f1/Editor/Data/PlaybackEngines/WebGLSupport/UnityEditor.WebGL.Extensions.dll
Register platform support module: C:/Program Files/Unity/Hub/Editor/2020.2.3f1/Editor/Data/PlaybackEngines/WindowsStandaloneSupport/UnityEditor.WindowsStandalone.Extensions.dll
Registered in 0.002081 seconds.
Native extension for WindowsStandalone target not found
Native extension for WebGL target not found
Refreshing native plugins compatible for Editor in 36.19 ms, found 6 plugins.
Preloading 1 native plugins for Editor in 0.05 ms.
Invoked RoslynAnalysisRunner static constructor.
RoslynAnalysisRunner will not be running.
RoslynAnalysisRunner has terminated.
Mono: successfully reloaded assembly
- Completed reload, in  2.244 seconds
Platform modules already initialized, skipping
Registering precompiled user dll's ...
Registered in 0.002200 seconds.
Begin MonoManager ReloadAssembly
Native extension for WindowsStandalone target not found
Native extension for WebGL target not found
Refreshing native plugins compatible for Editor in 0.35 ms, found 6 plugins.
Preloading 1 native plugins for Editor in 0.04 ms.
Invoked RoslynAnalysisRunner static constructor.
RoslynAnalysisRunner will not be running.
RoslynAnalysisRunner has terminated.
Mono: successfully reloaded assembly
- Completed reload, in  0.732 seconds
Platform modules already initialized, skipping
========================================================================
Worker process is ready to serve import requests
Launched and connected shader compiler UnityShaderCompiler.exe after 0.03 seconds
Refreshing native plugins compatible for Editor in 0.33 ms, found 6 plugins.
Preloading 1 native plugins for Editor in 0.04 ms.
Unloading 1390 Unused Serialized files (Serialized files now loaded: 0)
System memory in use before: 65.2 MB.
System memory in use after: 65.3 MB.

Unloading 12 unused Assets to reduce memory usage. Loaded Objects now: 1833.
Total: 1.718500 ms (FindLiveObjects: 0.159000 ms CreateObjectMapping: 0.046600 ms MarkObjects: 1.447100 ms  DeleteObjects: 0.064900 ms)

========================================================================
Received Import Request.
  path: Assets/pushFirebase.cs
  artifactKey: Guid(a0677c6faa554ba429b07eaa1bfd4175) Importer(815301076,1909f56bfc062723c751e8b465ee728b)
Start importing Assets/pushFirebase.cs using Guid(a0677c6faa554ba429b07eaa1bfd4175) Importer(815301076,1909f56bfc062723c751e8b465ee728b)  -> (artifact id: 'c5dd029ea2c08c718ad12431a30ac7e3') in 0.030458 seconds
  Import took 0.044233 seconds .

========================================================================
Received Prepare
Registering precompiled user dll's ...
Registered in 0.002235 seconds.
Begin MonoManager ReloadAssembly
Native extension for WindowsStandalone target not found
Native extension for WebGL target not found
Refreshing native plugins compatible for Editor in 0.33 ms, found 6 plugins.
Preloading 1 native plugins for Editor in 0.05 ms.
Invoked RoslynAnalysisRunner static constructor.
RoslynAnalysisRunner will not be running.
RoslynAnalysisRunner has terminated.
Mono: successfully reloaded assembly
- Completed reload, in  0.684 seconds
Platform modules already initialized, skipping
Refreshing native plugins compatible for Editor in 0.34 ms, found 6 plugins.
Preloading 1 native plugins for Editor in 0.04 ms.
Unloading 1366 Unused Serialized files (Serialized files now loaded: 0)
System memory in use before: 64.6 MB.
System memory in use after: 64.7 MB.

Unloading 7 unused Assets to reduce memory usage. Loaded Objects now: 1836.
Total: 1.576300 ms (FindLiveObjects: 0.127000 ms CreateObjectMapping: 0.041500 ms MarkObjects: 1.372500 ms  DeleteObjects: 0.034700 ms)

========================================================================
Received Prepare
Registering precompiled user dll's ...
Registered in 0.002268 seconds.
Begin MonoManager ReloadAssembly
Native extension for WindowsStandalone target not found
Native extension for WebGL target not found
Refreshing native plugins compatible for Editor in 0.36 ms, found 6 plugins.
Preloading 1 native plugins for Editor in 0.05 ms.
Invoked RoslynAnalysisRunner static constructor.
RoslynAnalysisRunner will not be running.
RoslynAnalysisRunner has terminated.
Mono: successfully reloaded assembly
- Completed reload, in  0.693 seconds
Platform modules already initialized, skipping
Refreshing native plugins compatible for Editor in 0.39 ms, found 6 plugins.
Preloading 1 native plugins for Editor in 0.06 ms.
Unloading 1366 Unused Serialized files (Serialized files now loaded: 0)
System memory in use before: 64.6 MB.
System memory in use after: 64.7 MB.

Unloading 7 unused Assets to reduce memory usage. Loaded Objects now: 1839.
Total: 6.616300 ms (FindLiveObjects: 0.445700 ms CreateObjectMapping: 0.170300 ms MarkObjects: 5.958800 ms  DeleteObjects: 0.039200 ms)

========================================================================
Received Import Request.
  Time since last request: 452.844184 seconds.
  path: Assets/pushFirebase.cs
  artifactKey: Guid(a0677c6faa554ba429b07eaa1bfd4175) Importer(815301076,1909f56bfc062723c751e8b465ee728b)
Start importing Assets/pushFirebase.cs using Guid(a0677c6faa554ba429b07eaa1bfd4175) Importer(815301076,1909f56bfc062723c751e8b465ee728b)  -> (artifact id: '017427e8214b0e8a2f667eff051b377e') in 0.006505 seconds
  Import took 0.010636 seconds .

========================================================================
Received Import Request.
  Time since last request: 20.489576 seconds.
  path: Assets/Scenes/Sender.unity
  artifactKey: Guid(9fc0d4010bbf28b4594072e72b8655ab) Importer(815301076,1909f56bfc062723c751e8b465ee728b)
Start importing Assets/Scenes/Sender.unity using Guid(9fc0d4010bbf28b4594072e72b8655ab) Importer(815301076,1909f56bfc062723c751e8b465ee728b)  -> (artifact id: '197c9449c0fab387af8c3ef092562d92') in 0.020075 seconds
  Import took 0.029870 seconds .

========================================================================
Received Prepare
Registering precompiled user dll's ...
Registered in 0.002551 seconds.
Begin MonoManager ReloadAssembly
Native extension for WindowsStandalone target not found
Native extension for WebGL target not found
Refreshing native plugins compatible for Editor in 0.36 ms, found 6 plugins.
Preloading 1 native plugins for Editor in 0.06 ms.
Invoked RoslynAnalysisRunner static constructor.
RoslynAnalysisRunner will not be running.
RoslynAnalysisRunner has terminated.
Mono: successfully reloaded assembly
- Completed reload, in  0.827 seconds
Platform modules already initialized, skipping
Refreshing native plugins compatible for Editor in 0.36 ms, found 6 plugins.
Preloading 1 native plugins for Editor in 0.05 ms.
Unloading 1366 Unused Serialized files (Serialized files now loaded: 0)
System memory in use before: 64.6 MB.
System memory in use after: 64.7 MB.

Unloading 7 unused Assets to reduce memory usage. Loaded Objects now: 1842.
Total: 1.842500 ms (FindLiveObjects: 0.250400 ms CreateObjectMapping: 0.057100 ms MarkObjects: 1.465800 ms  DeleteObjects: 0.068100 ms)

========================================================================
Received Prepare
Registering precompiled user dll's ...
Registered in 0.002229 seconds.
Begin MonoManager ReloadAssembly
Native extension for WindowsStandalone target not found
Native extension for WebGL target not found
Refreshing native plugins compatible for Editor in 0.34 ms, found 6 plugins.
Preloading 1 native plugins for Editor in 0.05 ms.
Invoked RoslynAnalysisRunner static constructor.
RoslynAnalysisRunner will not be running.
RoslynAnalysisRunner has terminated.
Mono: successfully reloaded assembly
- Completed reload, in  0.741 seconds
Platform modules already initialized, skipping
Refreshing native plugins compatible for Editor in 0.34 ms, found 6 plugins.
Preloading 1 native plugins for Editor in 0.04 ms.
Unloading 1366 Unused Serialized files (Serialized files now loaded: 0)
System memory in use before: 64.7 MB.
System memory in use after: 64.7 MB.

Unloading 7 unused Assets to reduce memory usage. Loaded Objects now: 1845.
Total: 1.657600 ms (FindLiveObjects: 0.141600 ms CreateObjectMapping: 0.042400 ms MarkObjects: 1.432900 ms  DeleteObjects: 0.039800 ms)

========================================================================
Received Prepare
Registering precompiled user dll's ...
Registered in 0.002229 seconds.
Begin MonoManager ReloadAssembly
Native extension for WindowsStandalone target not found
Native extension for WebGL target not found
Refreshing native plugins compatible for Editor in 0.34 ms, found 6 plugins.
Preloading 1 native plugins for Editor in 0.05 ms.
Invoked RoslynAnalysisRunner static constructor.
RoslynAnalysisRunner will not be running.
RoslynAnalysisRunner has terminated.
Mono: successfully reloaded assembly
- Completed reload, in  0.744 seconds
Platform modules already initialized, skipping
Refreshing native plugins compatible for Editor in 0.33 ms, found 6 plugins.
Preloading 1 native plugins for Editor in 0.04 ms.
Unloading 1366 Unused Serialized files (Serialized files now loaded: 0)
System memory in use before: 64.7 MB.
System memory in use after: 64.7 MB.

Unloading 7 unused Assets to reduce memory usage. Loaded Objects now: 1848.
Total: 1.468300 ms (FindLiveObjects: 0.125900 ms CreateObjectMapping: 0.037000 ms MarkObjects: 1.264000 ms  DeleteObjects: 0.040600 ms)

========================================================================
Received Import Request.
  Time since last request: 723.976648 seconds.
  path: Assets/Scenes/Sender.unity
  artifactKey: Guid(9fc0d4010bbf28b4594072e72b8655ab) Importer(815301076,1909f56bfc062723c751e8b465ee728b)
Start importing Assets/Scenes/Sender.unity using Guid(9fc0d4010bbf28b4594072e72b8655ab) Importer(815301076,1909f56bfc062723c751e8b465ee728b)  -> (artifact id: '3d4cc31d62b79083ebca02e7af0698c0') in 0.010563 seconds
  Import took 0.051902 seconds .

========================================================================
Received Prepare
Registering precompiled user dll's ...
Registered in 0.002392 seconds.
Begin MonoManager ReloadAssembly
Native extension for WindowsStandalone target not found
Native extension for WebGL target not found
Refreshing native plugins compatible for Editor in 0.34 ms, found 6 plugins.
Preloading 1 native plugins for Editor in 0.05 ms.
Invoked RoslynAnalysisRunner static constructor.
RoslynAnalysisRunner will not be running.
RoslynAnalysisRunner has terminated.
Mono: successfully reloaded assembly
- Completed reload, in  0.891 seconds
Platform modules already initialized, skipping
Refreshing native plugins compatible for Editor in 0.46 ms, found 6 plugins.
Preloading 1 native plugins for Editor in 0.06 ms.
Unloading 1366 Unused Serialized files (Serialized files now loaded: 0)
System memory in use before: 64.7 MB.
System memory in use after: 64.8 MB.

Unloading 7 unused Assets to reduce memory usage. Loaded Objects now: 1851.
Total: 1.754900 ms (FindLiveObjects: 0.296800 ms CreateObjectMapping: 0.107400 ms MarkObjects: 1.305800 ms  DeleteObjects: 0.043800 ms)

========================================================================
Received Prepare
Refreshing native plugins compatible for Editor in 0.90 ms, found 6 plugins.
Preloading 1 native plugins for Editor in 0.04 ms.
Unloading 4 Unused Serialized files (Serialized files now loaded: 0)
System memory in use before: 37.7 MB.
System memory in use after: 37.8 MB.

Unloading 4 unused Assets to reduce memory usage. Loaded Objects now: 1851.
Total: 1.828100 ms (FindLiveObjects: 0.216300 ms CreateObjectMapping: 0.075200 ms MarkObjects: 1.491700 ms  DeleteObjects: 0.044000 ms)

========================================================================
Received Prepare
Refreshing native plugins compatible for Editor in 1.29 ms, found 6 plugins.
Preloading 1 native plugins for Editor in 0.06 ms.
Unloading 4 Unused Serialized files (Serialized files now loaded: 0)
System memory in use before: 37.7 MB.
System memory in use after: 37.8 MB.

Unloading 4 unused Assets to reduce memory usage. Loaded Objects now: 1851.
Total: 1.737400 ms (FindLiveObjects: 0.169100 ms CreateObjectMapping: 0.044700 ms MarkObjects: 1.472000 ms  DeleteObjects: 0.050500 ms)

========================================================================
Received Prepare
Registering precompiled user dll's ...
Registered in 0.002210 seconds.
Begin MonoManager ReloadAssembly
Native extension for WindowsStandalone target not found
Native extension for WebGL target not found
Refreshing native plugins compatible for Editor in 0.36 ms, found 6 plugins.
Preloading 1 native plugins for Editor in 0.06 ms.
Invoked RoslynAnalysisRunner static constructor.
RoslynAnalysisRunner will not be running.
RoslynAnalysisRunner has terminated.
Mono: successfully reloaded assembly
- Completed reload, in  0.748 seconds
Platform modules already initialized, skipping
Refreshing native plugins compatible for Editor in 0.34 ms, found 6 plugins.
Preloading 1 native plugins for Editor in 0.04 ms.
Unloading 1366 Unused Serialized files (Serialized files now loaded: 0)
System memory in use before: 64.7 MB.
System memory in use after: 64.8 MB.

Unloading 7 unused Assets to reduce memory usage. Loaded Objects now: 1854.
Total: 1.604900 ms (FindLiveObjects: 0.265900 ms CreateObjectMapping: 0.051800 ms MarkObjects: 1.241800 ms  DeleteObjects: 0.044100 ms)

========================================================================
Received Prepare
Registering precompiled user dll's ...
Registered in 0.002543 seconds.
Begin MonoManager ReloadAssembly
Native extension for WindowsStandalone target not found
Native extension for WebGL target not found
Refreshing native plugins compatible for Editor in 0.39 ms, found 6 plugins.
Preloading 1 native plugins for Editor in 0.05 ms.
Invoked RoslynAnalysisRunner static constructor.
RoslynAnalysisRunner will not be running.
RoslynAnalysisRunner has terminated.
Mono: successfully reloaded assembly
- Completed reload, in  0.727 seconds
Platform modules already initialized, skipping
Refreshing native plugins compatible for Editor in 0.35 ms, found 6 plugins.
Preloading 1 native plugins for Editor in 0.04 ms.
Unloading 1366 Unused Serialized files (Serialized files now loaded: 0)
System memory in use before: 64.7 MB.
System memory in use after: 64.8 MB.

Unloading 7 unused Assets to reduce memory usage. Loaded Objects now: 1857.
Total: 1.504400 ms (FindLiveObjects: 0.135900 ms CreateObjectMapping: 0.075900 ms MarkObjects: 1.254500 ms  DeleteObjects: 0.037100 ms)

========================================================================
Received Prepare
Registering precompiled user dll's ...
Registered in 0.002422 seconds.
Begin MonoManager ReloadAssembly
Native extension for WindowsStandalone target not found
Native extension for WebGL target not found
Refreshing native plugins compatible for Editor in 0.33 ms, found 6 plugins.
Preloading 1 native plugins for Editor in 0.05 ms.
Invoked RoslynAnalysisRunner static constructor.
RoslynAnalysisRunner will not be running.
RoslynAnalysisRunner has terminated.
Mono: successfully reloaded assembly
- Completed reload, in  0.710 seconds
Platform modules already initialized, skipping
Refreshing native plugins compatible for Editor in 0.35 ms, found 6 plugins.
Preloading 1 native plugins for Editor in 0.04 ms.
Unloading 1366 Unused Serialized files (Serialized files now loaded: 0)
System memory in use before: 64.7 MB.
System memory in use after: 64.8 MB.

Unloading 7 unused Assets to reduce memory usage. Loaded Objects now: 1860.
Total: 1.622400 ms (FindLiveObjects: 0.131300 ms CreateObjectMapping: 0.038900 ms MarkObjects: 1.412000 ms  DeleteObjects: 0.039400 ms)

========================================================================
Received Prepare
Registering precompiled user dll's ...
Registered in 0.002387 seconds.
Begin MonoManager ReloadAssembly
Native extension for WindowsStandalone target not found
Native extension for WebGL target not found
Refreshing native plugins compatible for Editor in 0.45 ms, found 6 plugins.
Preloading 1 native plugins for Editor in 0.06 ms.
Invoked RoslynAnalysisRunner static constructor.
RoslynAnalysisRunner will not be running.
RoslynAnalysisRunner has terminated.
Mono: successfully reloaded assembly
- Completed reload, in  0.728 seconds
Platform modules already initialized, skipping
Refreshing native plugins compatible for Editor in 0.39 ms, found 6 plugins.
Preloading 1 native plugins for Editor in 0.05 ms.
Unloading 1366 Unused Serialized files (Serialized files now loaded: 0)
System memory in use before: 64.7 MB.
System memory in use after: 64.8 MB.

Unloading 7 unused Assets to reduce memory usage. Loaded Objects now: 1863.
Total: 1.514500 ms (FindLiveObjects: 0.166400 ms CreateObjectMapping: 0.043100 ms MarkObjects: 1.263100 ms  DeleteObjects: 0.040600 ms)

AssetImportWorkerClient::OnTransportError - code=2 error=End of file
