Using pre-set license
Built from '2020.2/staging' branch; Version is '2020.2.3f1 (8ff31bc5bf5b) revision 9433883'; Using compiler version '192528614'; Build Type 'Release'
OS: 'Windows 10 Pro; OS build 19042.685; Version 2009; 64bit' Language: 'en' Physical Memory: 16317 MB
BatchMode: 1, IsHumanControllingUs: 0, StartBugReporterOnCrash: 0, Is64bit: 1, IsPro: 0

 COMMAND LINE ARGUMENTS:
C:\Program Files\Unity\Hub\Editor\2020.2.3f1\Editor\Unity.exe
-adb2
-batchMode
-noUpm
-name
AssetImportWorker0
-projectPath
D:/Project HealOVR/TestRealTimeDatabase
-logFile
Logs/AssetImportWorker0.log
-srvPort
2500
Successfully changed project path to: D:/Project HealOVR/TestRealTimeDatabase
D:/Project HealOVR/TestRealTimeDatabase
Using Asset Import Pipeline V2.
Refreshing native plugins compatible for Editor in 27.67 ms, found 6 plugins.
Preloading 1 native plugins for Editor in 0.74 ms.
Initialize engine version: 2020.2.3f1 (8ff31bc5bf5b)
[Subsystems] Discovering subsystems at path C:/Program Files/Unity/Hub/Editor/2020.2.3f1/Editor/Data/Resources/UnitySubsystems
[Subsystems] Discovering subsystems at path D:/Project HealOVR/TestRealTimeDatabase/Assets
GfxDevice: creating device client; threaded=0
Direct3D:
    Version:  Direct3D 11.0 [level 11.1]
    Renderer: NVIDIA GeForce GTX 1050 Ti (ID=0x1c82)
    Vendor:   
    VRAM:     4018 MB
    Driver:   27.21.14.6109
Initialize mono
Mono path[0] = 'C:/Program Files/Unity/Hub/Editor/2020.2.3f1/Editor/Data/Managed'
Mono path[1] = 'C:/Program Files/Unity/Hub/Editor/2020.2.3f1/Editor/Data/MonoBleedingEdge/lib/mono/unityjit'
Mono config path = 'C:/Program Files/Unity/Hub/Editor/2020.2.3f1/Editor/Data/MonoBleedingEdge/etc'
Using monoOptions --debugger-agent=transport=dt_socket,embedding=1,server=y,suspend=n,address=127.0.0.1:56080
Begin MonoManager ReloadAssembly
Registering precompiled unity dll's ...
Register platform support module: C:/Program Files/Unity/Hub/Editor/2020.2.3f1/Editor/Data/PlaybackEngines/WebGLSupport/UnityEditor.WebGL.Extensions.dll
Register platform support module: C:/Program Files/Unity/Hub/Editor/2020.2.3f1/Editor/Data/PlaybackEngines/WindowsStandaloneSupport/UnityEditor.WindowsStandalone.Extensions.dll
Registered in 0.002726 seconds.
Native extension for WindowsStandalone target not found
Native extension for WebGL target not found
Refreshing native plugins compatible for Editor in 23.42 ms, found 6 plugins.
Preloading 1 native plugins for Editor in 0.05 ms.
Invoked RoslynAnalysisRunner static constructor.
RoslynAnalysisRunner will not be running.
RoslynAnalysisRunner has terminated.
Mono: successfully reloaded assembly
- Completed reload, in  2.201 seconds
Platform modules already initialized, skipping
Registering precompiled user dll's ...
Registered in 0.002218 seconds.
Begin MonoManager ReloadAssembly
Native extension for WindowsStandalone target not found
Native extension for WebGL target not found
Refreshing native plugins compatible for Editor in 0.34 ms, found 6 plugins.
Preloading 1 native plugins for Editor in 0.05 ms.
Invoked RoslynAnalysisRunner static constructor.
RoslynAnalysisRunner will not be running.
RoslynAnalysisRunner has terminated.
Mono: successfully reloaded assembly
- Completed reload, in  0.815 seconds
Platform modules already initialized, skipping
========================================================================
Worker process is ready to serve import requests
Launched and connected shader compiler UnityShaderCompiler.exe after 0.04 seconds
Refreshing native plugins compatible for Editor in 0.32 ms, found 6 plugins.
Preloading 1 native plugins for Editor in 0.04 ms.
Unloading 1362 Unused Serialized files (Serialized files now loaded: 0)
System memory in use before: 64.3 MB.
System memory in use after: 64.4 MB.

Unloading 12 unused Assets to reduce memory usage. Loaded Objects now: 1803.
Total: 1.595500 ms (FindLiveObjects: 0.160500 ms CreateObjectMapping: 0.044400 ms MarkObjects: 1.328100 ms  DeleteObjects: 0.061700 ms)

========================================================================
Received Import Request.
  path: Assets/formRegistry.cs
  artifactKey: Guid(742f5b16b5a7d164da9988af47a223af) Importer(815301076,1909f56bfc062723c751e8b465ee728b)
Start importing Assets/formRegistry.cs using Guid(742f5b16b5a7d164da9988af47a223af) Importer(815301076,1909f56bfc062723c751e8b465ee728b)  -> (artifact id: '421f42fa23aa6c7d31b759d5f05b39b4') in 0.040471 seconds
  Import took 0.042367 seconds .

========================================================================
Received Import Request.
  Time since last request: 2058.882191 seconds.
  path: Assets/formRegistry.cs
  artifactKey: Guid(742f5b16b5a7d164da9988af47a223af) Importer(815301076,1909f56bfc062723c751e8b465ee728b)
Start importing Assets/formRegistry.cs using Guid(742f5b16b5a7d164da9988af47a223af) Importer(815301076,1909f56bfc062723c751e8b465ee728b)  -> (artifact id: '79132a1790f888993aa4f4018dfd1a6f') in 0.007012 seconds
  Import took 0.009257 seconds .

========================================================================
Received Import Request.
  Time since last request: 0.021926 seconds.
  path: Assets/formRegistry.cs
  artifactKey: Guid(742f5b16b5a7d164da9988af47a223af) Importer(815301076,1909f56bfc062723c751e8b465ee728b)
Start importing Assets/formRegistry.cs using Guid(742f5b16b5a7d164da9988af47a223af) Importer(815301076,1909f56bfc062723c751e8b465ee728b)  -> (artifact id: '79132a1790f888993aa4f4018dfd1a6f') in 0.001495 seconds
  Import took 0.003694 seconds .

========================================================================
Received Import Request.
  Time since last request: 8.100499 seconds.
  path: Assets/formRegistry.cs
  artifactKey: Guid(742f5b16b5a7d164da9988af47a223af) Importer(815301076,1909f56bfc062723c751e8b465ee728b)
Start importing Assets/formRegistry.cs using Guid(742f5b16b5a7d164da9988af47a223af) Importer(815301076,1909f56bfc062723c751e8b465ee728b)  -> (artifact id: '5a86042e2abd83c8595b8236e164bcef') in 0.001314 seconds
  Import took 0.003268 seconds .

========================================================================
Received Import Request.
  Time since last request: 0.002131 seconds.
  path: Assets/formRegistry.cs
  artifactKey: Guid(742f5b16b5a7d164da9988af47a223af) Importer(815301076,1909f56bfc062723c751e8b465ee728b)
Start importing Assets/formRegistry.cs using Guid(742f5b16b5a7d164da9988af47a223af) Importer(815301076,1909f56bfc062723c751e8b465ee728b)  -> (artifact id: '5a86042e2abd83c8595b8236e164bcef') in 0.001568 seconds
  Import took 0.003424 seconds .

========================================================================
Received Prepare
Registering precompiled user dll's ...
Registered in 0.002399 seconds.
Begin MonoManager ReloadAssembly
Native extension for WindowsStandalone target not found
Native extension for WebGL target not found
Refreshing native plugins compatible for Editor in 0.33 ms, found 6 plugins.
Preloading 1 native plugins for Editor in 0.05 ms.
Invoked RoslynAnalysisRunner static constructor.
RoslynAnalysisRunner will not be running.
RoslynAnalysisRunner has terminated.
Mono: successfully reloaded assembly
- Completed reload, in  0.710 seconds
Platform modules already initialized, skipping
Refreshing native plugins compatible for Editor in 0.32 ms, found 6 plugins.
Preloading 1 native plugins for Editor in 0.04 ms.
Unloading 1338 Unused Serialized files (Serialized files now loaded: 0)
System memory in use before: 63.7 MB.
System memory in use after: 63.8 MB.

Unloading 7 unused Assets to reduce memory usage. Loaded Objects now: 1806.
Total: 1.449700 ms (FindLiveObjects: 0.128200 ms CreateObjectMapping: 0.037800 ms MarkObjects: 1.245400 ms  DeleteObjects: 0.037300 ms)

========================================================================
Received Prepare
Registering precompiled user dll's ...
Registered in 0.002287 seconds.
Begin MonoManager ReloadAssembly
Native extension for WindowsStandalone target not found
Native extension for WebGL target not found
Refreshing native plugins compatible for Editor in 0.38 ms, found 6 plugins.
Preloading 1 native plugins for Editor in 0.06 ms.
Invoked RoslynAnalysisRunner static constructor.
RoslynAnalysisRunner will not be running.
RoslynAnalysisRunner has terminated.
Mono: successfully reloaded assembly
- Completed reload, in  0.876 seconds
Platform modules already initialized, skipping
Refreshing native plugins compatible for Editor in 0.40 ms, found 6 plugins.
Preloading 1 native plugins for Editor in 0.05 ms.
Unloading 1338 Unused Serialized files (Serialized files now loaded: 0)
System memory in use before: 63.7 MB.
System memory in use after: 63.8 MB.

Unloading 7 unused Assets to reduce memory usage. Loaded Objects now: 1809.
Total: 2.507400 ms (FindLiveObjects: 0.176000 ms CreateObjectMapping: 0.055200 ms MarkObjects: 2.174300 ms  DeleteObjects: 0.099700 ms)

AssetImportWorkerClient::OnTransportError - code=2 error=End of file
